<?xml version="1.0" encoding="UTF-8"?>
<!-- Generated by org.testng.reporters.JUnitXMLReporter -->
<testsuite ignored="0" hostname="cedcoss-H310M-S2-2-0" failures="0" tests="2" name="Default test" time="198.975" errors="0" timestamp="2022-11-21T17:26:14 IST">
  <testcase classname="runner.ShopifyWishInstallationValidation" name="validateTC_01" time="30.228"/>
  <testcase classname="runner.ShopifyWishInstallationValidation" name="validateTC_02" time="163.611"/>
</testsuite> <!-- Default test -->
