<?xml version="1.0" encoding="UTF-8"?>
<!-- Generated by org.testng.reporters.JUnitXMLReporter -->
<testsuite ignored="2" hostname="cedcoss-H310M-S2-2-0" failures="0" tests="4" name="Test" time="79.598" errors="0" timestamp="2022-11-18T17:20:32 IST">
  <testcase classname="runner.ShopifyWishInstallationValidation" name="validateTC_01" time="31.13"/>
  <testcase classname="runner.ShopifyWishOnboardingValidation" name="validateTC_01" time="14.193"/>
  <testcase classname="runner.ShopifyWishOnboardingValidation" name="validateTC_02" time="4.08"/>
  <testcase classname="runner.ShopifyWishOnboardingValidation" name="validateTC_03" time="19.454"/>
  <testcase classname="generic_and_basetest_methods.Baseclass" name="@BeforeSuite tcOpenApp" time="0.0">
    <ignored/>
  </testcase> <!-- @BeforeSuite tcOpenApp -->
  <testcase classname="generic_and_basetest_methods.Baseclass" name="@AfterSuite closeApplication" time="0.0">
    <ignored/>
  </testcase> <!-- @AfterSuite closeApplication -->
</testsuite> <!-- Test -->
