<?xml version="1.0" encoding="UTF-8"?>
<!-- Generated by org.testng.reporters.JUnitXMLReporter -->
<testsuite ignored="0" hostname="cedcoss-H310M-S2-2-0" failures="0" tests="3" name="Test" time="51.732" errors="0" timestamp="2022-10-28T14:33:23 IST">
  <testcase classname="runner.ShopifyToWishBulkOperationsValidation" name="validateTC_01" time="17.136"/>
  <testcase classname="runner.ShopifyToWishBulkOperationsValidation" name="validateTC_02" time="4.66"/>
  <testcase classname="runner.ShopifyToWishBulkOperationsValidation" name="validateTC_03" time="25.155"/>
</testsuite> <!-- Test -->
