<?xml version="1.0" encoding="UTF-8"?>
<testng-results ignored="0" total="2" passed="2" failed="0" skipped="0">
  <reporter-output>
  </reporter-output>
  <suite started-at="2022-11-21T17:22:55 IST" name="Default suite" finished-at="2022-11-21T17:26:14 IST" duration-ms="198975">
    <groups>
    </groups>
    <test started-at="2022-11-21T17:22:55 IST" name="Default test" finished-at="2022-11-21T17:26:14 IST" duration-ms="198975">
      <class name="runner.ShopifyWishInstallationValidation">
        <test-method is-config="true" signature="tcOpenApp()[pri:0, instance:runner.ShopifyWishInstallationValidation@5b64c4b7]" started-at="2022-11-21T17:22:55 IST" name="tcOpenApp" finished-at="2022-11-21T17:22:55 IST" duration-ms="83" status="PASS">
          <reporter-output>
          </reporter-output>
        </test-method> <!-- tcOpenApp -->
        <test-method is-config="true" signature="launchingMethod()[pri:0, instance:runner.ShopifyWishInstallationValidation@5b64c4b7]" started-at="2022-11-21T17:22:55 IST" name="launchingMethod" finished-at="2022-11-21T17:23:00 IST" duration-ms="5102" status="PASS">
          <reporter-output>
          </reporter-output>
        </test-method> <!-- launchingMethod -->
        <test-method is-config="true" signature="LoginPageMethod(java.lang.reflect.Method)[pri:0, instance:runner.ShopifyWishInstallationValidation@5b64c4b7]" started-at="2022-11-21T17:23:00 IST" name="LoginPageMethod" finished-at="2022-11-21T17:23:00 IST" duration-ms="2" status="PASS">
          <params>
            <param index="0">
              <value>
                <![CDATA[public void runner.ShopifyWishInstallationValidation.validateTC_01()]]>
              </value>
            </param>
          </params>
          <reporter-output>
          </reporter-output>
        </test-method> <!-- LoginPageMethod -->
        <test-method signature="validateTC_01()[pri:0, instance:runner.ShopifyWishInstallationValidation@5b64c4b7]" started-at="2022-11-21T17:23:00 IST" name="validateTC_01" finished-at="2022-11-21T17:23:31 IST" duration-ms="30228" status="PASS">
          <reporter-output>
          </reporter-output>
        </test-method> <!-- validateTC_01 -->
        <test-method is-config="true" signature="tclogOut(org.testng.ITestResult,java.lang.reflect.Method)[pri:0, instance:runner.ShopifyWishInstallationValidation@5b64c4b7]" started-at="2022-11-21T17:23:31 IST" name="tclogOut" finished-at="2022-11-21T17:23:31 IST" duration-ms="0" status="PASS">
          <params>
            <param index="0">
              <value>
                <![CDATA[[TestResult name=validateTC_01 status=SUCCESS method=ShopifyWishInstallationValidation.validateTC_01()[pri:0, instance:runner.ShopifyWishInstallationValidation@5b64c4b7] output={null}]]]>
              </value>
            </param>
            <param index="1">
              <value>
                <![CDATA[public void runner.ShopifyWishInstallationValidation.validateTC_01()]]>
              </value>
            </param>
          </params>
          <reporter-output>
          </reporter-output>
        </test-method> <!-- tclogOut -->
        <test-method is-config="true" signature="LoginPageMethod(java.lang.reflect.Method)[pri:0, instance:runner.ShopifyWishInstallationValidation@5b64c4b7]" started-at="2022-11-21T17:23:31 IST" name="LoginPageMethod" finished-at="2022-11-21T17:23:31 IST" duration-ms="0" status="PASS">
          <params>
            <param index="0">
              <value>
                <![CDATA[public void runner.ShopifyWishInstallationValidation.validateTC_02()]]>
              </value>
            </param>
          </params>
          <reporter-output>
          </reporter-output>
        </test-method> <!-- LoginPageMethod -->
        <test-method signature="validateTC_02()[pri:0, instance:runner.ShopifyWishInstallationValidation@5b64c4b7]" started-at="2022-11-21T17:23:31 IST" name="validateTC_02" finished-at="2022-11-21T17:26:14 IST" duration-ms="163611" status="PASS">
          <reporter-output>
          </reporter-output>
        </test-method> <!-- validateTC_02 -->
        <test-method is-config="true" signature="tclogOut(org.testng.ITestResult,java.lang.reflect.Method)[pri:0, instance:runner.ShopifyWishInstallationValidation@5b64c4b7]" started-at="2022-11-21T17:26:14 IST" name="tclogOut" finished-at="2022-11-21T17:26:14 IST" duration-ms="1" status="PASS">
          <params>
            <param index="0">
              <value>
                <![CDATA[[TestResult name=validateTC_02 status=SUCCESS method=ShopifyWishInstallationValidation.validateTC_02()[pri:0, instance:runner.ShopifyWishInstallationValidation@5b64c4b7] output={null}]]]>
              </value>
            </param>
            <param index="1">
              <value>
                <![CDATA[public void runner.ShopifyWishInstallationValidation.validateTC_02()]]>
              </value>
            </param>
          </params>
          <reporter-output>
          </reporter-output>
        </test-method> <!-- tclogOut -->
        <test-method is-config="true" signature="closeApplication()[pri:0, instance:runner.ShopifyWishInstallationValidation@5b64c4b7]" started-at="2022-11-21T17:26:14 IST" name="closeApplication" finished-at="2022-11-21T17:26:14 IST" duration-ms="167" status="PASS">
          <reporter-output>
          </reporter-output>
        </test-method> <!-- closeApplication -->
      </class> <!-- runner.ShopifyWishInstallationValidation -->
    </test> <!-- Default test -->
  </suite> <!-- Default suite -->
</testng-results>
